mode: set
bike-rent-express/src/motorReturn/motorReturnRepository/motorReturnRepository.go:15.71,17.2 1 1
bike-rent-express/src/motorReturn/motorReturnRepository/motorReturnRepository.go:19.152,21.16 2 1
bike-rent-express/src/motorReturn/motorReturnRepository/motorReturnRepository.go:21.16,23.3 1 0
bike-rent-express/src/motorReturn/motorReturnRepository/motorReturnRepository.go:25.2,27.97 3 1
bike-rent-express/src/motorReturn/motorReturnRepository/motorReturnRepository.go:27.97,30.3 2 1
bike-rent-express/src/motorReturn/motorReturnRepository/motorReturnRepository.go:32.2,35.70 3 1
bike-rent-express/src/motorReturn/motorReturnRepository/motorReturnRepository.go:35.70,38.3 2 1
bike-rent-express/src/motorReturn/motorReturnRepository/motorReturnRepository.go:40.2,40.56 1 1
bike-rent-express/src/motorReturn/motorReturnRepository/motorReturnRepository.go:40.56,43.3 2 1
bike-rent-express/src/motorReturn/motorReturnRepository/motorReturnRepository.go:45.2,49.16 4 1
bike-rent-express/src/motorReturn/motorReturnRepository/motorReturnRepository.go:49.16,52.3 2 1
bike-rent-express/src/motorReturn/motorReturnRepository/motorReturnRepository.go:54.2,56.16 3 1
bike-rent-express/src/motorReturn/motorReturnRepository/motorReturnRepository.go:56.16,59.3 2 1
bike-rent-express/src/motorReturn/motorReturnRepository/motorReturnRepository.go:61.2,65.247 3 1
bike-rent-express/src/motorReturn/motorReturnRepository/motorReturnRepository.go:65.247,68.3 2 1
bike-rent-express/src/motorReturn/motorReturnRepository/motorReturnRepository.go:69.2,71.38 2 1
bike-rent-express/src/motorReturn/motorReturnRepository/motorReturnRepository.go:74.88,78.251 3 1
bike-rent-express/src/motorReturn/motorReturnRepository/motorReturnRepository.go:78.251,80.3 1 1
bike-rent-express/src/motorReturn/motorReturnRepository/motorReturnRepository.go:82.2,82.25 1 1
bike-rent-express/src/motorReturn/motorReturnRepository/motorReturnRepository.go:85.80,90.16 4 1
bike-rent-express/src/motorReturn/motorReturnRepository/motorReturnRepository.go:90.16,92.3 1 1
bike-rent-express/src/motorReturn/motorReturnRepository/motorReturnRepository.go:94.2,94.18 1 1
bike-rent-express/src/motorReturn/motorReturnRepository/motorReturnRepository.go:94.18,96.232 2 1
bike-rent-express/src/motorReturn/motorReturnRepository/motorReturnRepository.go:96.232,98.4 1 1
bike-rent-express/src/motorReturn/motorReturnRepository/motorReturnRepository.go:99.3,99.51 1 1
bike-rent-express/src/motorReturn/motorReturnRepository/motorReturnRepository.go:102.2,102.26 1 1
