mode: set
bike-rent-express/src/employee/employeeDelivery/employeeDelivery.go:19.89,22.2 3 1
bike-rent-express/src/employee/employeeDelivery/employeeDelivery.go:22.2,30.3 7 1
bike-rent-express/src/employee/employeeDelivery/employeeDelivery.go:33.56,37.60 3 1
bike-rent-express/src/employee/employeeDelivery/employeeDelivery.go:37.60,40.3 2 1
bike-rent-express/src/employee/employeeDelivery/employeeDelivery.go:42.2,43.16 2 1
bike-rent-express/src/employee/employeeDelivery/employeeDelivery.go:43.16,44.25 1 1
bike-rent-express/src/employee/employeeDelivery/employeeDelivery.go:44.25,47.4 2 1
bike-rent-express/src/employee/employeeDelivery/employeeDelivery.go:48.3,49.9 2 1
bike-rent-express/src/employee/employeeDelivery/employeeDelivery.go:52.2,52.76 1 1
bike-rent-express/src/employee/employeeDelivery/employeeDelivery.go:55.59,59.16 3 1
bike-rent-express/src/employee/employeeDelivery/employeeDelivery.go:59.16,60.58 1 1
bike-rent-express/src/employee/employeeDelivery/employeeDelivery.go:60.58,63.4 2 1
bike-rent-express/src/employee/employeeDelivery/employeeDelivery.go:64.3,65.9 2 1
bike-rent-express/src/employee/employeeDelivery/employeeDelivery.go:68.2,68.60 1 1
bike-rent-express/src/employee/employeeDelivery/employeeDelivery.go:71.59,73.16 2 1
bike-rent-express/src/employee/employeeDelivery/employeeDelivery.go:73.16,76.3 2 1
bike-rent-express/src/employee/employeeDelivery/employeeDelivery.go:78.2,78.84 1 1
bike-rent-express/src/employee/employeeDelivery/employeeDelivery.go:81.63,88.62 5 1
bike-rent-express/src/employee/employeeDelivery/employeeDelivery.go:88.62,91.3 2 1
bike-rent-express/src/employee/employeeDelivery/employeeDelivery.go:93.2,94.16 2 1
bike-rent-express/src/employee/employeeDelivery/employeeDelivery.go:94.16,95.58 1 1
bike-rent-express/src/employee/employeeDelivery/employeeDelivery.go:95.58,98.4 2 1
bike-rent-express/src/employee/employeeDelivery/employeeDelivery.go:99.3,100.9 2 1
bike-rent-express/src/employee/employeeDelivery/employeeDelivery.go:103.2,103.77 1 1
bike-rent-express/src/employee/employeeDelivery/employeeDelivery.go:106.63,110.16 3 1
bike-rent-express/src/employee/employeeDelivery/employeeDelivery.go:110.16,111.25 1 1
bike-rent-express/src/employee/employeeDelivery/employeeDelivery.go:111.25,114.4 2 1
bike-rent-express/src/employee/employeeDelivery/employeeDelivery.go:115.3,116.9 2 1
bike-rent-express/src/employee/employeeDelivery/employeeDelivery.go:119.2,119.50 1 1
bike-rent-express/src/employee/employeeDelivery/employeeDelivery.go:122.58,127.54 3 1
bike-rent-express/src/employee/employeeDelivery/employeeDelivery.go:127.54,130.3 2 1
bike-rent-express/src/employee/employeeDelivery/employeeDelivery.go:132.2,133.16 2 1
bike-rent-express/src/employee/employeeDelivery/employeeDelivery.go:133.16,134.25 1 1
bike-rent-express/src/employee/employeeDelivery/employeeDelivery.go:134.25,137.4 2 1
bike-rent-express/src/employee/employeeDelivery/employeeDelivery.go:137.9,137.32 1 1
bike-rent-express/src/employee/employeeDelivery/employeeDelivery.go:137.32,140.4 2 1
bike-rent-express/src/employee/employeeDelivery/employeeDelivery.go:142.3,143.9 2 1
bike-rent-express/src/employee/employeeDelivery/employeeDelivery.go:146.2,146.77 1 1
bike-rent-express/src/employee/employeeDelivery/employeeDelivery.go:149.59,155.63 4 1
bike-rent-express/src/employee/employeeDelivery/employeeDelivery.go:155.63,158.3 2 1
bike-rent-express/src/employee/employeeDelivery/employeeDelivery.go:160.2,161.16 2 1
bike-rent-express/src/employee/employeeDelivery/employeeDelivery.go:161.16,162.25 1 1
bike-rent-express/src/employee/employeeDelivery/employeeDelivery.go:162.25,165.4 2 1
bike-rent-express/src/employee/employeeDelivery/employeeDelivery.go:166.3,166.25 1 1
bike-rent-express/src/employee/employeeDelivery/employeeDelivery.go:166.25,169.4 2 1
bike-rent-express/src/employee/employeeDelivery/employeeDelivery.go:170.3,171.9 2 1
bike-rent-express/src/employee/employeeDelivery/employeeDelivery.go:174.2,174.73 1 1
