mode: set
bike-rent-express/src/motorVehicle/motorVehicleDelivery/motorVehicleDelivery.go:19.105,23.2 3 1
bike-rent-express/src/motorVehicle/motorVehicleDelivery/motorVehicleDelivery.go:23.2,29.3 5 1
bike-rent-express/src/motorVehicle/motorVehicleDelivery/motorVehicleDelivery.go:32.69,35.16 2 1
bike-rent-express/src/motorVehicle/motorVehicleDelivery/motorVehicleDelivery.go:35.16,38.3 2 1
bike-rent-express/src/motorVehicle/motorVehicleDelivery/motorVehicleDelivery.go:40.2,40.21 1 1
bike-rent-express/src/motorVehicle/motorVehicleDelivery/motorVehicleDelivery.go:40.21,43.3 2 1
bike-rent-express/src/motorVehicle/motorVehicleDelivery/motorVehicleDelivery.go:45.2,45.60 1 1
bike-rent-express/src/motorVehicle/motorVehicleDelivery/motorVehicleDelivery.go:48.70,52.16 3 1
bike-rent-express/src/motorVehicle/motorVehicleDelivery/motorVehicleDelivery.go:52.16,53.58 1 1
bike-rent-express/src/motorVehicle/motorVehicleDelivery/motorVehicleDelivery.go:53.58,56.4 2 1
bike-rent-express/src/motorVehicle/motorVehicleDelivery/motorVehicleDelivery.go:57.3,58.9 2 1
bike-rent-express/src/motorVehicle/motorVehicleDelivery/motorVehicleDelivery.go:61.2,61.74 1 1
bike-rent-express/src/motorVehicle/motorVehicleDelivery/motorVehicleDelivery.go:64.69,68.47 3 1
bike-rent-express/src/motorVehicle/motorVehicleDelivery/motorVehicleDelivery.go:68.47,71.3 2 1
bike-rent-express/src/motorVehicle/motorVehicleDelivery/motorVehicleDelivery.go:73.2,74.16 2 1
bike-rent-express/src/motorVehicle/motorVehicleDelivery/motorVehicleDelivery.go:74.16,77.3 2 1
bike-rent-express/src/motorVehicle/motorVehicleDelivery/motorVehicleDelivery.go:79.2,79.73 1 1
bike-rent-express/src/motorVehicle/motorVehicleDelivery/motorVehicleDelivery.go:83.69,89.47 4 1
bike-rent-express/src/motorVehicle/motorVehicleDelivery/motorVehicleDelivery.go:89.47,92.3 2 1
bike-rent-express/src/motorVehicle/motorVehicleDelivery/motorVehicleDelivery.go:94.2,95.16 2 1
bike-rent-express/src/motorVehicle/motorVehicleDelivery/motorVehicleDelivery.go:95.16,98.3 2 1
bike-rent-express/src/motorVehicle/motorVehicleDelivery/motorVehicleDelivery.go:100.2,100.74 1 1
bike-rent-express/src/motorVehicle/motorVehicleDelivery/motorVehicleDelivery.go:103.69,107.16 3 1
bike-rent-express/src/motorVehicle/motorVehicleDelivery/motorVehicleDelivery.go:107.16,110.3 2 1
bike-rent-express/src/motorVehicle/motorVehicleDelivery/motorVehicleDelivery.go:112.2,112.84 1 1
