mode: set
bike-rent-express/src/motorReturn/motorReturnRepository/motorReturnRepository.go:15.71,17.2 1 1
bike-rent-express/src/motorReturn/motorReturnRepository/motorReturnRepository.go:19.152,21.16 2 1
bike-rent-express/src/motorReturn/motorReturnRepository/motorReturnRepository.go:21.16,23.3 1 0
bike-rent-express/src/motorReturn/motorReturnRepository/motorReturnRepository.go:25.2,27.97 3 1
bike-rent-express/src/motorReturn/motorReturnRepository/motorReturnRepository.go:27.97,30.3 2 1
bike-rent-express/src/motorReturn/motorReturnRepository/motorReturnRepository.go:32.2,35.70 3 1
bike-rent-express/src/motorReturn/motorReturnRepository/motorReturnRepository.go:35.70,38.3 2 1
bike-rent-express/src/motorReturn/motorReturnRepository/motorReturnRepository.go:40.2,40.56 1 1
bike-rent-express/src/motorReturn/motorReturnRepository/motorReturnRepository.go:40.56,43.3 2 1
bike-rent-express/src/motorReturn/motorReturnRepository/motorReturnRepository.go:45.2,49.16 4 1
bike-rent-express/src/motorReturn/motorReturnRepository/motorReturnRepository.go:49.16,52.3 2 1
bike-rent-express/src/motorReturn/motorReturnRepository/motorReturnRepository.go:54.2,56.16 3 1
bike-rent-express/src/motorReturn/motorReturnRepository/motorReturnRepository.go:56.16,59.3 2 1
bike-rent-express/src/motorReturn/motorReturnRepository/motorReturnRepository.go:61.2,65.247 3 1
bike-rent-express/src/motorReturn/motorReturnRepository/motorReturnRepository.go:65.247,68.3 2 1
bike-rent-express/src/motorReturn/motorReturnRepository/motorReturnRepository.go:69.2,71.38 2 1
bike-rent-express/src/motorReturn/motorReturnRepository/motorReturnRepository.go:74.88,78.251 3 1
bike-rent-express/src/motorReturn/motorReturnRepository/motorReturnRepository.go:78.251,80.3 1 1
bike-rent-express/src/motorReturn/motorReturnRepository/motorReturnRepository.go:82.2,82.25 1 1
bike-rent-express/src/motorReturn/motorReturnRepository/motorReturnRepository.go:85.80,90.16 4 1
bike-rent-express/src/motorReturn/motorReturnRepository/motorReturnRepository.go:90.16,92.3 1 1
bike-rent-express/src/motorReturn/motorReturnRepository/motorReturnRepository.go:94.2,94.18 1 1
bike-rent-express/src/motorReturn/motorReturnRepository/motorReturnRepository.go:94.18,96.232 2 1
bike-rent-express/src/motorReturn/motorReturnRepository/motorReturnRepository.go:96.232,98.4 1 1
bike-rent-express/src/motorReturn/motorReturnRepository/motorReturnRepository.go:99.3,99.51 1 1
bike-rent-express/src/motorReturn/motorReturnRepository/motorReturnRepository.go:102.2,102.26 1 1
bike-rent-express/src/motorReturn/motorReturnUsecase/motorReturnUsecase.go:16.193,18.2 1 1
bike-rent-express/src/motorReturn/motorReturnUsecase/motorReturnUsecase.go:20.160,22.16 2 1
bike-rent-express/src/motorReturn/motorReturnUsecase/motorReturnUsecase.go:22.16,24.3 1 1
bike-rent-express/src/motorReturn/motorReturnUsecase/motorReturnUsecase.go:26.2,26.32 1 1
bike-rent-express/src/motorReturn/motorReturnUsecase/motorReturnUsecase.go:28.104,32.16 3 1
bike-rent-express/src/motorReturn/motorReturnUsecase/motorReturnUsecase.go:32.16,34.3 1 1
bike-rent-express/src/motorReturn/motorReturnUsecase/motorReturnUsecase.go:36.2,37.16 2 1
bike-rent-express/src/motorReturn/motorReturnUsecase/motorReturnUsecase.go:37.16,39.3 1 1
bike-rent-express/src/motorReturn/motorReturnUsecase/motorReturnUsecase.go:41.2,42.16 2 1
bike-rent-express/src/motorReturn/motorReturnUsecase/motorReturnUsecase.go:42.16,44.3 1 1
bike-rent-express/src/motorReturn/motorReturnUsecase/motorReturnUsecase.go:46.2,55.31 9 1
bike-rent-express/src/motorReturn/motorReturnUsecase/motorReturnUsecase.go:57.96,61.16 3 1
bike-rent-express/src/motorReturn/motorReturnUsecase/motorReturnUsecase.go:61.16,63.3 1 1
bike-rent-express/src/motorReturn/motorReturnUsecase/motorReturnUsecase.go:65.2,65.43 1 1
bike-rent-express/src/motorReturn/motorReturnUsecase/motorReturnUsecase.go:65.43,69.17 3 1
bike-rent-express/src/motorReturn/motorReturnUsecase/motorReturnUsecase.go:69.17,71.4 1 1
bike-rent-express/src/motorReturn/motorReturnUsecase/motorReturnUsecase.go:73.3,74.17 2 1
bike-rent-express/src/motorReturn/motorReturnUsecase/motorReturnUsecase.go:74.17,76.4 1 1
bike-rent-express/src/motorReturn/motorReturnUsecase/motorReturnUsecase.go:78.3,79.17 2 1
bike-rent-express/src/motorReturn/motorReturnUsecase/motorReturnUsecase.go:79.17,81.4 1 1
bike-rent-express/src/motorReturn/motorReturnUsecase/motorReturnUsecase.go:82.3,91.69 9 1
bike-rent-express/src/motorReturn/motorReturnUsecase/motorReturnUsecase.go:94.2,94.32 1 1
bike-rent-express/src/motorReturn/motorReturnDelivery/motorReturnDelivery.go:17.100,21.2 3 1
bike-rent-express/src/motorReturn/motorReturnDelivery/motorReturnDelivery.go:21.2,24.3 2 1
bike-rent-express/src/motorReturn/motorReturnDelivery/motorReturnDelivery.go:26.2,26.92 1 1
bike-rent-express/src/motorReturn/motorReturnDelivery/motorReturnDelivery.go:30.65,34.66 3 1
bike-rent-express/src/motorReturn/motorReturnDelivery/motorReturnDelivery.go:34.66,37.3 2 1
bike-rent-express/src/motorReturn/motorReturnDelivery/motorReturnDelivery.go:39.2,40.16 2 1
bike-rent-express/src/motorReturn/motorReturnDelivery/motorReturnDelivery.go:40.16,43.3 2 1
bike-rent-express/src/motorReturn/motorReturnDelivery/motorReturnDelivery.go:45.2,45.84 1 1
bike-rent-express/src/motorReturn/motorReturnDelivery/motorReturnDelivery.go:48.66,51.16 3 1
bike-rent-express/src/motorReturn/motorReturnDelivery/motorReturnDelivery.go:51.16,54.3 2 1
bike-rent-express/src/motorReturn/motorReturnDelivery/motorReturnDelivery.go:56.2,56.93 1 1
bike-rent-express/src/motorReturn/motorReturnDelivery/motorReturnDelivery.go:59.65,62.16 2 1
bike-rent-express/src/motorReturn/motorReturnDelivery/motorReturnDelivery.go:62.16,65.3 2 1
bike-rent-express/src/motorReturn/motorReturnDelivery/motorReturnDelivery.go:67.2,67.86 1 1
