mode: set
bike-rent-express/src/motorVehicle/motorVehicleRepository/motorVehicleRepository.go:15.80,17.2 1 1
bike-rent-express/src/motorVehicle/motorVehicleRepository/motorVehicleRepository.go:20.100,23.16 3 1
bike-rent-express/src/motorVehicle/motorVehicleRepository/motorVehicleRepository.go:23.16,25.3 1 1
bike-rent-express/src/motorVehicle/motorVehicleRepository/motorVehicleRepository.go:26.2,30.18 3 1
bike-rent-express/src/motorVehicle/motorVehicleRepository/motorVehicleRepository.go:30.18,33.17 3 1
bike-rent-express/src/motorVehicle/motorVehicleRepository/motorVehicleRepository.go:33.17,35.4 1 0
bike-rent-express/src/motorVehicle/motorVehicleRepository/motorVehicleRepository.go:36.3,36.33 1 1
bike-rent-express/src/motorVehicle/motorVehicleRepository/motorVehicleRepository.go:38.2,38.20 1 1
bike-rent-express/src/motorVehicle/motorVehicleRepository/motorVehicleRepository.go:42.109,46.193 3 1
bike-rent-express/src/motorVehicle/motorVehicleRepository/motorVehicleRepository.go:46.193,48.3 1 1
bike-rent-express/src/motorVehicle/motorVehicleRepository/motorVehicleRepository.go:50.2,50.19 1 1
bike-rent-express/src/motorVehicle/motorVehicleRepository/motorVehicleRepository.go:54.128,58.16 3 0
bike-rent-express/src/motorVehicle/motorVehicleRepository/motorVehicleRepository.go:58.16,60.3 1 0
bike-rent-express/src/motorVehicle/motorVehicleRepository/motorVehicleRepository.go:62.2,62.46 1 0
bike-rent-express/src/motorVehicle/motorVehicleRepository/motorVehicleRepository.go:65.139,73.16 5 0
bike-rent-express/src/motorVehicle/motorVehicleRepository/motorVehicleRepository.go:73.16,75.3 1 0
bike-rent-express/src/motorVehicle/motorVehicleRepository/motorVehicleRepository.go:76.2,76.46 1 0
bike-rent-express/src/motorVehicle/motorVehicleRepository/motorVehicleRepository.go:79.69,83.16 3 0
bike-rent-express/src/motorVehicle/motorVehicleRepository/motorVehicleRepository.go:83.16,85.3 1 0
bike-rent-express/src/motorVehicle/motorVehicleRepository/motorVehicleRepository.go:87.2,87.12 1 0
