mode: set
bike-rent-express/src/motorReturn/motorReturnUsecase/motorReturnUsecase.go:16.193,18.2 1 1
bike-rent-express/src/motorReturn/motorReturnUsecase/motorReturnUsecase.go:20.160,22.16 2 1
bike-rent-express/src/motorReturn/motorReturnUsecase/motorReturnUsecase.go:22.16,24.3 1 1
bike-rent-express/src/motorReturn/motorReturnUsecase/motorReturnUsecase.go:26.2,26.32 1 1
bike-rent-express/src/motorReturn/motorReturnUsecase/motorReturnUsecase.go:28.104,32.16 3 1
bike-rent-express/src/motorReturn/motorReturnUsecase/motorReturnUsecase.go:32.16,34.3 1 1
bike-rent-express/src/motorReturn/motorReturnUsecase/motorReturnUsecase.go:36.2,37.16 2 1
bike-rent-express/src/motorReturn/motorReturnUsecase/motorReturnUsecase.go:37.16,39.3 1 1
bike-rent-express/src/motorReturn/motorReturnUsecase/motorReturnUsecase.go:41.2,42.16 2 1
bike-rent-express/src/motorReturn/motorReturnUsecase/motorReturnUsecase.go:42.16,44.3 1 1
bike-rent-express/src/motorReturn/motorReturnUsecase/motorReturnUsecase.go:46.2,55.31 9 1
bike-rent-express/src/motorReturn/motorReturnUsecase/motorReturnUsecase.go:57.96,61.16 3 1
bike-rent-express/src/motorReturn/motorReturnUsecase/motorReturnUsecase.go:61.16,63.3 1 1
bike-rent-express/src/motorReturn/motorReturnUsecase/motorReturnUsecase.go:65.2,65.43 1 1
bike-rent-express/src/motorReturn/motorReturnUsecase/motorReturnUsecase.go:65.43,69.17 3 1
bike-rent-express/src/motorReturn/motorReturnUsecase/motorReturnUsecase.go:69.17,71.4 1 1
bike-rent-express/src/motorReturn/motorReturnUsecase/motorReturnUsecase.go:73.3,74.17 2 1
bike-rent-express/src/motorReturn/motorReturnUsecase/motorReturnUsecase.go:74.17,76.4 1 1
bike-rent-express/src/motorReturn/motorReturnUsecase/motorReturnUsecase.go:78.3,79.17 2 1
bike-rent-express/src/motorReturn/motorReturnUsecase/motorReturnUsecase.go:79.17,81.4 1 1
bike-rent-express/src/motorReturn/motorReturnUsecase/motorReturnUsecase.go:82.3,91.69 9 1
bike-rent-express/src/motorReturn/motorReturnUsecase/motorReturnUsecase.go:94.2,94.32 1 1
