mode: set
bike-rent-express/src/motorVehicle/motorVehicleDelivery/motorVehicleDelivery.go:19.105,23.2 3 1
bike-rent-express/src/motorVehicle/motorVehicleDelivery/motorVehicleDelivery.go:23.2,29.3 5 1
bike-rent-express/src/motorVehicle/motorVehicleDelivery/motorVehicleDelivery.go:32.69,35.16 2 1
bike-rent-express/src/motorVehicle/motorVehicleDelivery/motorVehicleDelivery.go:35.16,38.3 2 1
bike-rent-express/src/motorVehicle/motorVehicleDelivery/motorVehicleDelivery.go:40.2,40.60 1 1
bike-rent-express/src/motorVehicle/motorVehicleDelivery/motorVehicleDelivery.go:43.70,47.16 3 1
bike-rent-express/src/motorVehicle/motorVehicleDelivery/motorVehicleDelivery.go:47.16,48.58 1 1
bike-rent-express/src/motorVehicle/motorVehicleDelivery/motorVehicleDelivery.go:48.58,51.4 2 1
bike-rent-express/src/motorVehicle/motorVehicleDelivery/motorVehicleDelivery.go:52.3,53.9 2 1
bike-rent-express/src/motorVehicle/motorVehicleDelivery/motorVehicleDelivery.go:56.2,56.74 1 1
bike-rent-express/src/motorVehicle/motorVehicleDelivery/motorVehicleDelivery.go:59.69,63.47 3 1
bike-rent-express/src/motorVehicle/motorVehicleDelivery/motorVehicleDelivery.go:63.47,66.3 2 1
bike-rent-express/src/motorVehicle/motorVehicleDelivery/motorVehicleDelivery.go:68.2,69.16 2 0
bike-rent-express/src/motorVehicle/motorVehicleDelivery/motorVehicleDelivery.go:69.16,72.3 2 0
bike-rent-express/src/motorVehicle/motorVehicleDelivery/motorVehicleDelivery.go:74.2,74.73 1 0
bike-rent-express/src/motorVehicle/motorVehicleDelivery/motorVehicleDelivery.go:78.69,84.47 4 1
bike-rent-express/src/motorVehicle/motorVehicleDelivery/motorVehicleDelivery.go:84.47,87.3 2 1
bike-rent-express/src/motorVehicle/motorVehicleDelivery/motorVehicleDelivery.go:89.2,90.16 2 0
bike-rent-express/src/motorVehicle/motorVehicleDelivery/motorVehicleDelivery.go:90.16,93.3 2 0
bike-rent-express/src/motorVehicle/motorVehicleDelivery/motorVehicleDelivery.go:95.2,95.74 1 0
bike-rent-express/src/motorVehicle/motorVehicleDelivery/motorVehicleDelivery.go:98.69,102.16 3 1
bike-rent-express/src/motorVehicle/motorVehicleDelivery/motorVehicleDelivery.go:102.16,105.3 2 1
bike-rent-express/src/motorVehicle/motorVehicleDelivery/motorVehicleDelivery.go:107.2,107.84 1 1
bike-rent-express/src/motorVehicle/motorVehicleUsecase/motorVehicleUsecase.go:12.116,14.2 1 1
bike-rent-express/src/motorVehicle/motorVehicleUsecase/motorVehicleUsecase.go:17.92,20.16 2 1
bike-rent-express/src/motorVehicle/motorVehicleUsecase/motorVehicleUsecase.go:20.16,22.3 1 1
bike-rent-express/src/motorVehicle/motorVehicleUsecase/motorVehicleUsecase.go:23.2,23.20 1 1
bike-rent-express/src/motorVehicle/motorVehicleUsecase/motorVehicleUsecase.go:27.100,29.16 2 1
bike-rent-express/src/motorVehicle/motorVehicleUsecase/motorVehicleUsecase.go:29.16,31.3 1 1
bike-rent-express/src/motorVehicle/motorVehicleUsecase/motorVehicleUsecase.go:33.2,33.19 1 1
bike-rent-express/src/motorVehicle/motorVehicleUsecase/motorVehicleUsecase.go:36.130,45.16 2 1
bike-rent-express/src/motorVehicle/motorVehicleUsecase/motorVehicleUsecase.go:45.16,47.3 1 1
bike-rent-express/src/motorVehicle/motorVehicleUsecase/motorVehicleUsecase.go:49.2,49.22 1 1
bike-rent-express/src/motorVehicle/motorVehicleUsecase/motorVehicleUsecase.go:52.141,54.16 2 1
bike-rent-express/src/motorVehicle/motorVehicleUsecase/motorVehicleUsecase.go:54.16,56.3 1 0
bike-rent-express/src/motorVehicle/motorVehicleUsecase/motorVehicleUsecase.go:58.2,58.22 1 1
bike-rent-express/src/motorVehicle/motorVehicleUsecase/motorVehicleUsecase.go:58.22,60.3 1 1
bike-rent-express/src/motorVehicle/motorVehicleUsecase/motorVehicleUsecase.go:61.2,61.22 1 1
bike-rent-express/src/motorVehicle/motorVehicleUsecase/motorVehicleUsecase.go:61.22,63.3 1 1
bike-rent-express/src/motorVehicle/motorVehicleUsecase/motorVehicleUsecase.go:64.2,64.22 1 1
bike-rent-express/src/motorVehicle/motorVehicleUsecase/motorVehicleUsecase.go:64.22,66.3 1 1
bike-rent-express/src/motorVehicle/motorVehicleUsecase/motorVehicleUsecase.go:67.2,67.22 1 1
bike-rent-express/src/motorVehicle/motorVehicleUsecase/motorVehicleUsecase.go:67.22,69.3 1 1
bike-rent-express/src/motorVehicle/motorVehicleUsecase/motorVehicleUsecase.go:70.2,70.32 1 1
bike-rent-express/src/motorVehicle/motorVehicleUsecase/motorVehicleUsecase.go:70.32,72.3 1 1
bike-rent-express/src/motorVehicle/motorVehicleUsecase/motorVehicleUsecase.go:73.2,73.24 1 1
bike-rent-express/src/motorVehicle/motorVehicleUsecase/motorVehicleUsecase.go:73.24,75.3 1 1
bike-rent-express/src/motorVehicle/motorVehicleUsecase/motorVehicleUsecase.go:77.2,78.16 2 1
bike-rent-express/src/motorVehicle/motorVehicleUsecase/motorVehicleUsecase.go:78.16,80.3 1 1
bike-rent-express/src/motorVehicle/motorVehicleUsecase/motorVehicleUsecase.go:81.2,81.18 1 1
bike-rent-express/src/motorVehicle/motorVehicleUsecase/motorVehicleUsecase.go:84.67,86.16 2 1
bike-rent-express/src/motorVehicle/motorVehicleUsecase/motorVehicleUsecase.go:86.16,88.3 1 1
bike-rent-express/src/motorVehicle/motorVehicleUsecase/motorVehicleUsecase.go:90.2,90.12 1 1
bike-rent-express/src/motorVehicle/motorVehicleRepository/motorVehicleRepository.go:13.80,15.2 1 1
bike-rent-express/src/motorVehicle/motorVehicleRepository/motorVehicleRepository.go:18.100,21.16 3 1
bike-rent-express/src/motorVehicle/motorVehicleRepository/motorVehicleRepository.go:21.16,23.3 1 1
bike-rent-express/src/motorVehicle/motorVehicleRepository/motorVehicleRepository.go:24.2,28.18 3 1
bike-rent-express/src/motorVehicle/motorVehicleRepository/motorVehicleRepository.go:28.18,31.17 3 1
bike-rent-express/src/motorVehicle/motorVehicleRepository/motorVehicleRepository.go:31.17,33.4 1 0
bike-rent-express/src/motorVehicle/motorVehicleRepository/motorVehicleRepository.go:34.3,34.33 1 1
bike-rent-express/src/motorVehicle/motorVehicleRepository/motorVehicleRepository.go:36.2,36.20 1 1
bike-rent-express/src/motorVehicle/motorVehicleRepository/motorVehicleRepository.go:40.109,44.193 3 1
bike-rent-express/src/motorVehicle/motorVehicleRepository/motorVehicleRepository.go:44.193,46.3 1 1
bike-rent-express/src/motorVehicle/motorVehicleRepository/motorVehicleRepository.go:48.2,48.19 1 1
bike-rent-express/src/motorVehicle/motorVehicleRepository/motorVehicleRepository.go:52.128,56.16 3 1
bike-rent-express/src/motorVehicle/motorVehicleRepository/motorVehicleRepository.go:56.16,58.3 1 1
bike-rent-express/src/motorVehicle/motorVehicleRepository/motorVehicleRepository.go:60.2,60.46 1 1
bike-rent-express/src/motorVehicle/motorVehicleRepository/motorVehicleRepository.go:63.139,69.16 3 1
bike-rent-express/src/motorVehicle/motorVehicleRepository/motorVehicleRepository.go:69.16,71.3 1 1
bike-rent-express/src/motorVehicle/motorVehicleRepository/motorVehicleRepository.go:72.2,72.46 1 1
bike-rent-express/src/motorVehicle/motorVehicleRepository/motorVehicleRepository.go:75.69,79.16 3 1
bike-rent-express/src/motorVehicle/motorVehicleRepository/motorVehicleRepository.go:79.16,81.3 1 1
bike-rent-express/src/motorVehicle/motorVehicleRepository/motorVehicleRepository.go:83.2,83.12 1 1
