mode: set
bike-rent-express/src/motorReturn/motorReturnDelivery/motorReturnDelivery.go:17.100,21.2 3 1
bike-rent-express/src/motorReturn/motorReturnDelivery/motorReturnDelivery.go:21.2,24.3 2 1
bike-rent-express/src/motorReturn/motorReturnDelivery/motorReturnDelivery.go:26.2,26.92 1 1
bike-rent-express/src/motorReturn/motorReturnDelivery/motorReturnDelivery.go:30.65,34.66 3 0
bike-rent-express/src/motorReturn/motorReturnDelivery/motorReturnDelivery.go:34.66,37.3 2 0
bike-rent-express/src/motorReturn/motorReturnDelivery/motorReturnDelivery.go:39.2,40.16 2 0
bike-rent-express/src/motorReturn/motorReturnDelivery/motorReturnDelivery.go:40.16,43.3 2 0
bike-rent-express/src/motorReturn/motorReturnDelivery/motorReturnDelivery.go:45.2,45.84 1 0
bike-rent-express/src/motorReturn/motorReturnDelivery/motorReturnDelivery.go:48.66,51.16 3 1
bike-rent-express/src/motorReturn/motorReturnDelivery/motorReturnDelivery.go:51.16,54.3 2 1
bike-rent-express/src/motorReturn/motorReturnDelivery/motorReturnDelivery.go:56.2,56.93 1 1
bike-rent-express/src/motorReturn/motorReturnDelivery/motorReturnDelivery.go:59.65,62.16 2 1
bike-rent-express/src/motorReturn/motorReturnDelivery/motorReturnDelivery.go:62.16,65.3 2 1
bike-rent-express/src/motorReturn/motorReturnDelivery/motorReturnDelivery.go:67.2,67.86 1 1
