mode: set
bike-rent-express/src/motorVehicle/motorVehicleUsecase/motorVehicleUsecase.go:12.116,14.2 1 1
bike-rent-express/src/motorVehicle/motorVehicleUsecase/motorVehicleUsecase.go:17.92,20.16 2 1
bike-rent-express/src/motorVehicle/motorVehicleUsecase/motorVehicleUsecase.go:20.16,22.3 1 1
bike-rent-express/src/motorVehicle/motorVehicleUsecase/motorVehicleUsecase.go:23.2,23.20 1 1
bike-rent-express/src/motorVehicle/motorVehicleUsecase/motorVehicleUsecase.go:27.100,29.16 2 1
bike-rent-express/src/motorVehicle/motorVehicleUsecase/motorVehicleUsecase.go:29.16,31.3 1 1
bike-rent-express/src/motorVehicle/motorVehicleUsecase/motorVehicleUsecase.go:33.2,33.19 1 1
bike-rent-express/src/motorVehicle/motorVehicleUsecase/motorVehicleUsecase.go:36.130,45.16 2 1
bike-rent-express/src/motorVehicle/motorVehicleUsecase/motorVehicleUsecase.go:45.16,47.3 1 1
bike-rent-express/src/motorVehicle/motorVehicleUsecase/motorVehicleUsecase.go:49.2,49.22 1 1
bike-rent-express/src/motorVehicle/motorVehicleUsecase/motorVehicleUsecase.go:52.141,54.16 2 1
bike-rent-express/src/motorVehicle/motorVehicleUsecase/motorVehicleUsecase.go:54.16,56.3 1 0
bike-rent-express/src/motorVehicle/motorVehicleUsecase/motorVehicleUsecase.go:58.2,58.22 1 1
bike-rent-express/src/motorVehicle/motorVehicleUsecase/motorVehicleUsecase.go:58.22,60.3 1 1
bike-rent-express/src/motorVehicle/motorVehicleUsecase/motorVehicleUsecase.go:61.2,61.22 1 1
bike-rent-express/src/motorVehicle/motorVehicleUsecase/motorVehicleUsecase.go:61.22,63.3 1 1
bike-rent-express/src/motorVehicle/motorVehicleUsecase/motorVehicleUsecase.go:64.2,64.22 1 1
bike-rent-express/src/motorVehicle/motorVehicleUsecase/motorVehicleUsecase.go:64.22,66.3 1 1
bike-rent-express/src/motorVehicle/motorVehicleUsecase/motorVehicleUsecase.go:67.2,67.22 1 1
bike-rent-express/src/motorVehicle/motorVehicleUsecase/motorVehicleUsecase.go:67.22,69.3 1 1
bike-rent-express/src/motorVehicle/motorVehicleUsecase/motorVehicleUsecase.go:70.2,70.32 1 1
bike-rent-express/src/motorVehicle/motorVehicleUsecase/motorVehicleUsecase.go:70.32,72.3 1 1
bike-rent-express/src/motorVehicle/motorVehicleUsecase/motorVehicleUsecase.go:73.2,73.24 1 1
bike-rent-express/src/motorVehicle/motorVehicleUsecase/motorVehicleUsecase.go:73.24,75.3 1 1
bike-rent-express/src/motorVehicle/motorVehicleUsecase/motorVehicleUsecase.go:77.2,78.16 2 1
bike-rent-express/src/motorVehicle/motorVehicleUsecase/motorVehicleUsecase.go:78.16,80.3 1 1
bike-rent-express/src/motorVehicle/motorVehicleUsecase/motorVehicleUsecase.go:81.2,81.18 1 1
bike-rent-express/src/motorVehicle/motorVehicleUsecase/motorVehicleUsecase.go:84.67,86.16 2 1
bike-rent-express/src/motorVehicle/motorVehicleUsecase/motorVehicleUsecase.go:86.16,88.3 1 1
bike-rent-express/src/motorVehicle/motorVehicleUsecase/motorVehicleUsecase.go:90.2,90.12 1 1
